2024-09-14 13:10:20 INFO     Valid urls found in about.html: 246
2024-09-14 13:10:20 INFO     en_cookies.html does not exist, link: https://www.citizensinformation.ie/en/cookies.html
2024-09-14 13:10:20 INFO     Making request to url: https://www.citizensinformation.ie/en/cookies.html
2024-09-14 13:10:21 INFO     Writing en_cookies.html successful
2024-09-14 13:10:21 INFO     Breaking between requests for 5.800329710620978 seconds
2024-09-14 13:10:27 INFO     en_privacy.html does not exist, link: https://www.citizensinformation.ie/en/privacy.html
2024-09-14 13:10:27 INFO     Making request to url: https://www.citizensinformation.ie/en/privacy.html
2024-09-14 13:10:27 INFO     Writing en_privacy.html successful
2024-09-14 13:10:27 INFO     Breaking between requests for 6.125963676993749 seconds
2024-09-14 13:10:33 INFO     en.html does not exist, link: /en/
2024-09-14 13:10:33 INFO     Making request to url: https://www.citizensinformation.ie/en/
2024-09-14 13:10:34 INFO     Writing en.html successful
2024-09-14 13:10:34 INFO     Breaking between requests for 2.1435893788847453 seconds
2024-09-14 13:10:36 INFO     en_health.html does not exist, link: /en/health/
2024-09-14 13:10:36 INFO     Making request to url: https://www.citizensinformation.ie/en/health/
2024-09-14 13:10:36 INFO     Writing en_health.html successful
2024-09-14 13:10:36 INFO     Breaking between requests for 2.6320221480963664 seconds
2024-09-14 13:10:39 INFO     en_social_welfare.html does not exist, link: /en/social-welfare/
2024-09-14 13:10:39 INFO     Making request to url: https://www.citizensinformation.ie/en/social-welfare/
2024-09-14 13:10:39 INFO     Writing en_social_welfare.html successful
2024-09-14 13:10:39 INFO     Breaking between requests for 3.0518487117033084 seconds
2024-09-14 13:10:42 INFO     en_employment.html does not exist, link: /en/employment/
2024-09-14 13:10:42 INFO     Making request to url: https://www.citizensinformation.ie/en/employment/
2024-09-14 13:10:42 INFO     Writing en_employment.html successful
2024-09-14 13:10:42 INFO     Breaking between requests for 5.697740987942546 seconds
2024-09-14 13:10:48 INFO     en_money_and_tax.html does not exist, link: /en/money-and-tax/
2024-09-14 13:10:48 INFO     Making request to url: https://www.citizensinformation.ie/en/money-and-tax/
2024-09-14 13:10:48 INFO     Writing en_money_and_tax.html successful
2024-09-14 13:10:48 INFO     Breaking between requests for 6.821034341751699 seconds
2024-09-14 13:10:55 INFO     en_moving_country.html does not exist, link: /en/moving-country/
2024-09-14 13:10:55 INFO     Making request to url: https://www.citizensinformation.ie/en/moving-country/
2024-09-14 13:10:55 INFO     Writing en_moving_country.html successful
2024-09-14 13:10:55 INFO     Breaking between requests for 3.192388946416168 seconds
2024-09-14 13:10:58 INFO     en_returning_to_ireland.html does not exist, link: /en/returning-to-ireland/
2024-09-14 13:10:58 INFO     Making request to url: https://www.citizensinformation.ie/en/returning-to-ireland/
2024-09-14 13:10:59 INFO     Writing en_returning_to_ireland.html successful
2024-09-14 13:10:59 INFO     Breaking between requests for 3.49246184665265 seconds
2024-09-14 13:11:02 INFO     en_housing.html does not exist, link: /en/housing/
2024-09-14 13:11:02 INFO     Making request to url: https://www.citizensinformation.ie/en/housing/
2024-09-14 13:11:03 INFO     Writing en_housing.html successful
2024-09-14 13:11:03 INFO     Breaking between requests for 5.203544972346735 seconds
2024-09-14 13:11:08 INFO     en_education.html does not exist, link: /en/education/
2024-09-14 13:11:08 INFO     Making request to url: https://www.citizensinformation.ie/en/education/
2024-09-14 13:11:08 INFO     Writing en_education.html successful
2024-09-14 13:11:08 INFO     Breaking between requests for 5.998383683160604 seconds
2024-09-14 13:11:14 INFO     en_travel_and_recreation.html does not exist, link: /en/travel-and-recreation/
2024-09-14 13:11:14 INFO     Making request to url: https://www.citizensinformation.ie/en/travel-and-recreation/
2024-09-14 13:11:14 INFO     Writing en_travel_and_recreation.html successful
2024-09-14 13:11:14 INFO     Breaking between requests for 4.171105557154198 seconds
2024-09-14 13:11:18 INFO     en_environment.html does not exist, link: /en/environment/
2024-09-14 13:11:18 INFO     Making request to url: https://www.citizensinformation.ie/en/environment/
2024-09-14 13:11:18 INFO     Writing en_environment.html successful
2024-09-14 13:11:18 INFO     Breaking between requests for 3.8419139866953085 seconds
2024-09-14 13:11:22 INFO     en_consumer.html does not exist, link: /en/consumer/
2024-09-14 13:11:22 INFO     Making request to url: https://www.citizensinformation.ie/en/consumer/
2024-09-14 13:11:22 INFO     Writing en_consumer.html successful
2024-09-14 13:11:22 INFO     Breaking between requests for 7.0511494223235465 seconds
2024-09-14 13:11:30 INFO     en_government_in_ireland.html does not exist, link: /en/government-in-ireland/
2024-09-14 13:11:30 INFO     Making request to url: https://www.citizensinformation.ie/en/government-in-ireland/
2024-09-14 13:11:30 INFO     Writing en_government_in_ireland.html successful
2024-09-14 13:11:30 INFO     Breaking between requests for 5.001108378542013 seconds
2024-09-14 13:11:35 INFO     en_death.html does not exist, link: /en/death/
2024-09-14 13:11:35 INFO     Making request to url: https://www.citizensinformation.ie/en/death/
2024-09-14 13:11:35 INFO     Writing en_death.html successful
2024-09-14 13:11:35 INFO     Breaking between requests for 2.720668980730158 seconds
2024-09-14 13:11:38 INFO     en_birth_family_relationships.html does not exist, link: /en/birth-family-relationships/
2024-09-14 13:11:38 INFO     Making request to url: https://www.citizensinformation.ie/en/birth-family-relationships/
2024-09-14 13:11:38 INFO     Writing en_birth_family_relationships.html successful
2024-09-14 13:11:38 INFO     Breaking between requests for 6.06313126708861 seconds
2024-09-14 13:11:44 INFO     en_justice.html does not exist, link: /en/justice/
2024-09-14 13:11:44 INFO     Making request to url: https://www.citizensinformation.ie/en/justice/
2024-09-14 13:11:45 INFO     Writing en_justice.html successful
2024-09-14 13:11:45 INFO     Breaking between requests for 6.298689617727248 seconds
2024-09-14 13:11:51 INFO     en_whats_new.html does not exist, link: https://www.citizensinformation.ie/en/whats-new/
2024-09-14 13:11:51 INFO     Making request to url: https://www.citizensinformation.ie/en/whats-new/
2024-09-14 13:11:52 INFO     Writing en_whats_new.html successful
2024-09-14 13:11:52 INFO     Breaking between requests for 5.177418024304413 seconds
2024-09-14 13:11:57 INFO     en_social_welfare_disability_and_illness_checklist_disability.html does not exist, link: /en/social-welfare/disability-and-illness/checklist-disability/
2024-09-14 13:11:57 INFO     Making request to url: https://www.citizensinformation.ie/en/social-welfare/disability-and-illness/checklist-disability/
2024-09-14 13:11:57 INFO     Writing en_social_welfare_disability_and_illness_checklist_disability.html successful
2024-09-14 13:11:57 INFO     Breaking between requests for 7.779642593678718 seconds
2024-09-14 13:12:05 INFO     en_returning_to_ireland.html already exists, skipping...
2024-09-14 13:12:05 INFO     en_employment_unemployment_and_redundancy_losing_your_job_checklist_entitlements_and_services_for_unemployed_people.html does not exist, link: /en/employment/unemployment-and-redundancy/losing-your-job/checklist-entitlements-and-services-for-unemployed-people/
2024-09-14 13:12:05 INFO     Making request to url: https://www.citizensinformation.ie/en/employment/unemployment-and-redundancy/losing-your-job/checklist-entitlements-and-services-for-unemployed-people/
2024-09-14 13:12:06 INFO     Writing en_employment_unemployment_and_redundancy_losing_your_job_checklist_entitlements_and_services_for_unemployed_people.html successful
2024-09-14 13:12:06 INFO     Breaking between requests for 7.059637816378223 seconds
2024-09-14 13:12:13 INFO     en_employment_types_of_employment_self_employment_starting_a_business.html does not exist, link: /en/employment/types-of-employment/self-employment/starting-a-business/
2024-09-14 13:12:13 INFO     Making request to url: https://www.citizensinformation.ie/en/employment/types-of-employment/self-employment/starting-a-business/
2024-09-14 13:12:13 INFO     Writing en_employment_types_of_employment_self_employment_starting_a_business.html successful
2024-09-14 13:12:13 INFO     Breaking between requests for 3.984793308352068 seconds
2024-09-14 13:12:17 INFO     en_birth_family_relationships_older_people_checklist_carers.html does not exist, link: /en/birth-family-relationships/older-people/checklist-carers/
2024-09-14 13:12:17 INFO     Making request to url: https://www.citizensinformation.ie/en/birth-family-relationships/older-people/checklist-carers/
2024-09-14 13:12:18 INFO     Writing en_birth_family_relationships_older_people_checklist_carers.html successful
2024-09-14 13:12:18 INFO     Breaking between requests for 2.287551860722833 seconds
2024-09-14 13:12:20 INFO     en_employment_unemployment_and_redundancy_employment_support_schemes.html does not exist, link: /en/employment/unemployment-and-redundancy/employment-support-schemes/
2024-09-14 13:12:20 INFO     Making request to url: https://www.citizensinformation.ie/en/employment/unemployment-and-redundancy/employment-support-schemes/
2024-09-14 13:12:21 INFO     Writing en_employment_unemployment_and_redundancy_employment_support_schemes.html successful
2024-09-14 13:12:21 INFO     Breaking between requests for 4.917316143846431 seconds
2024-09-14 13:12:26 INFO     en_education_third_level_education_colleges_and_qualifications_going_to_college.html does not exist, link: /en/education/third-level-education/colleges-and-qualifications/going-to-college/
2024-09-14 13:12:26 INFO     Making request to url: https://www.citizensinformation.ie/en/education/third-level-education/colleges-and-qualifications/going-to-college/
2024-09-14 13:12:27 INFO     Writing en_education_third_level_education_colleges_and_qualifications_going_to_college.html successful
2024-09-14 13:12:27 INFO     Breaking between requests for 5.015440741162517 seconds
2024-09-14 13:12:32 INFO     en_my_situation_mysituation.html does not exist, link: /en/my-situation/mysituation/
2024-09-14 13:12:32 INFO     Making request to url: https://www.citizensinformation.ie/en/my-situation/mysituation/
2024-09-14 13:12:32 INFO     Writing en_my_situation_mysituation.html successful
2024-09-14 13:12:32 INFO     Breaking between requests for 6.462456900940079 seconds
2024-09-14 13:12:38 INFO     en_health_medical_cards_and_gp_visit_cards_medical_card.html does not exist, link: /en/health/medical-cards-and-gp-visit-cards/medical-card/
2024-09-14 13:12:38 INFO     Making request to url: https://www.citizensinformation.ie/en/health/medical-cards-and-gp-visit-cards/medical-card/
2024-09-14 13:12:38 INFO     Writing en_health_medical_cards_and_gp_visit_cards_medical_card.html successful
2024-09-14 13:12:38 INFO     Breaking between requests for 3.4183732557035107 seconds
2024-09-14 13:12:42 INFO     en_health_medical_cards_and_gp_visit_cards_gp_visit_cards.html does not exist, link: /en/health/medical-cards-and-gp-visit-cards/gp-visit-cards/
2024-09-14 13:12:42 INFO     Making request to url: https://www.citizensinformation.ie/en/health/medical-cards-and-gp-visit-cards/gp-visit-cards/
2024-09-14 13:12:42 INFO     Writing en_health_medical_cards_and_gp_visit_cards_gp_visit_cards.html successful
2024-09-14 13:12:42 INFO     Breaking between requests for 5.54162751465442 seconds
2024-09-14 13:12:48 INFO     en_travel_and_recreation_passports_applying_for_or_renewing_an_irish_passport.html does not exist, link: /en/travel-and-recreation/passports/applying-for-or-renewing-an-irish-passport/
2024-09-14 13:12:48 INFO     Making request to url: https://www.citizensinformation.ie/en/travel-and-recreation/passports/applying-for-or-renewing-an-irish-passport/
2024-09-14 13:12:48 INFO     Writing en_travel_and_recreation_passports_applying_for_or_renewing_an_irish_passport.html successful
2024-09-14 13:12:48 INFO     Breaking between requests for 2.562118283104466 seconds
2024-09-14 13:12:50 INFO     en_travel_and_recreation_motoring_driver_licensing.html does not exist, link: /en/travel-and-recreation/motoring/driver-licensing/
2024-09-14 13:12:50 INFO     Making request to url: https://www.citizensinformation.ie/en/travel-and-recreation/motoring/driver-licensing/
2024-09-14 13:12:51 INFO     Writing en_travel_and_recreation_motoring_driver_licensing.html successful
2024-09-14 13:12:51 INFO     Breaking between requests for 4.086765666073493 seconds
2024-09-14 13:12:55 INFO     en_moving_country_moving_abroad_leaving_ireland_police_certificate.html does not exist, link: /en/moving-country/moving-abroad/leaving-ireland/police-certificate/
2024-09-14 13:12:55 INFO     Making request to url: https://www.citizensinformation.ie/en/moving-country/moving-abroad/leaving-ireland/police-certificate/
2024-09-14 13:12:55 INFO     Writing en_moving_country_moving_abroad_leaving_ireland_police_certificate.html successful
2024-09-14 13:12:55 INFO     Breaking between requests for 5.649264184133309 seconds
2024-09-14 13:13:01 INFO     en_consumer_cars_buying_a_used_car.html does not exist, link: /en/consumer/cars/buying-a-used-car/
2024-09-14 13:13:01 INFO     Making request to url: https://www.citizensinformation.ie/en/consumer/cars/buying-a-used-car/
2024-09-14 13:13:01 INFO     Writing en_consumer_cars_buying_a_used_car.html successful
2024-09-14 13:13:01 INFO     Breaking between requests for 6.006361920094192 seconds
2024-09-14 13:13:07 INFO     en_government_in_ireland_elections_and_referenda_voting_registering_to_vote.html does not exist, link: /en/government-in-ireland/elections-and-referenda/voting/registering-to-vote/
2024-09-14 13:13:07 INFO     Making request to url: https://www.citizensinformation.ie/en/government-in-ireland/elections-and-referenda/voting/registering-to-vote/
2024-09-14 13:13:07 INFO     Writing en_government_in_ireland_elections_and_referenda_voting_registering_to_vote.html successful
2024-09-14 13:13:07 INFO     Breaking between requests for 7.5754077345045925 seconds
2024-09-14 13:13:15 INFO     en_my_situation_mysituation.html already exists, skipping...
2024-09-14 13:13:15 INFO     centres.citizensinformation.ie.html does not exist, link: https://centres.citizensinformation.ie/
2024-09-14 13:13:15 INFO     Making request to url: https://centres.citizensinformation.ie/
2024-09-14 13:13:15 INFO     Writing centres.citizensinformation.ie.html successful
2024-09-14 13:13:15 INFO     Breaking between requests for 7.58890922538629 seconds
2024-09-14 13:13:23 INFO     centres.citizensinformation.ie_county_carlowcounty_.html does not exist, link: https://centres.citizensinformation.ie/county.php?county=carlow
2024-09-14 13:13:23 INFO     Making request to url: https://centres.citizensinformation.ie/county.php?county=carlow
2024-09-14 13:13:23 INFO     Writing centres.citizensinformation.ie_county_carlowcounty_.html successful
2024-09-14 13:13:23 INFO     Breaking between requests for 4.355395085795735 seconds
2024-09-14 13:13:27 INFO     centres.citizensinformation.ie_county_cavancounty_.html does not exist, link: https://centres.citizensinformation.ie/county.php?county=cavan
2024-09-14 13:13:27 INFO     Making request to url: https://centres.citizensinformation.ie/county.php?county=cavan
2024-09-14 13:13:28 INFO     Writing centres.citizensinformation.ie_county_cavancounty_.html successful
2024-09-14 13:13:28 INFO     Breaking between requests for 2.7439252076299647 seconds
2024-09-14 13:13:31 INFO     centres.citizensinformation.ie_county_clarecounty_.html does not exist, link: https://centres.citizensinformation.ie/county.php?county=clare
2024-09-14 13:13:31 INFO     Making request to url: https://centres.citizensinformation.ie/county.php?county=clare
2024-09-14 13:13:31 INFO     Writing centres.citizensinformation.ie_county_clarecounty_.html successful
2024-09-14 13:13:31 INFO     Breaking between requests for 2.0110076825693715 seconds
2024-09-14 13:13:33 INFO     centres.citizensinformation.ie_county_corkcounty_.html does not exist, link: https://centres.citizensinformation.ie/county.php?county=cork
2024-09-14 13:13:33 INFO     Making request to url: https://centres.citizensinformation.ie/county.php?county=cork
2024-09-14 13:13:33 INFO     Writing centres.citizensinformation.ie_county_corkcounty_.html successful
2024-09-14 13:13:33 INFO     Breaking between requests for 3.852364714868944 seconds
2024-09-14 13:13:37 INFO     centres.citizensinformation.ie_county_donegalcounty_.html does not exist, link: https://centres.citizensinformation.ie/county.php?county=donegal
2024-09-14 13:13:37 INFO     Making request to url: https://centres.citizensinformation.ie/county.php?county=donegal
2024-09-14 13:13:38 INFO     Writing centres.citizensinformation.ie_county_donegalcounty_.html successful
2024-09-14 13:13:38 INFO     Breaking between requests for 5.71901235711802 seconds
2024-09-14 13:13:43 INFO     centres.citizensinformation.ie_county_dublincounty_.html does not exist, link: https://centres.citizensinformation.ie/county.php?county=dublin
2024-09-14 13:13:43 INFO     Making request to url: https://centres.citizensinformation.ie/county.php?county=dublin
2024-09-14 13:13:43 INFO     Writing centres.citizensinformation.ie_county_dublincounty_.html successful
2024-09-14 13:13:43 INFO     Breaking between requests for 7.73931440193391 seconds
2024-09-14 13:13:51 INFO     centres.citizensinformation.ie_county_galwaycounty_.html does not exist, link: https://centres.citizensinformation.ie/county.php?county=galway
2024-09-14 13:13:51 INFO     Making request to url: https://centres.citizensinformation.ie/county.php?county=galway
2024-09-14 13:13:52 INFO     Writing centres.citizensinformation.ie_county_galwaycounty_.html successful
2024-09-14 13:13:52 INFO     Breaking between requests for 2.127294685619111 seconds
2024-09-14 13:13:54 INFO     centres.citizensinformation.ie_county_kerrycounty_.html does not exist, link: https://centres.citizensinformation.ie/county.php?county=kerry
2024-09-14 13:13:54 INFO     Making request to url: https://centres.citizensinformation.ie/county.php?county=kerry
2024-09-14 13:13:54 INFO     Writing centres.citizensinformation.ie_county_kerrycounty_.html successful
2024-09-14 13:13:54 INFO     Breaking between requests for 4.089406218137407 seconds
2024-09-14 13:13:58 INFO     centres.citizensinformation.ie_county_kildarecounty_.html does not exist, link: https://centres.citizensinformation.ie/county.php?county=kildare
2024-09-14 13:13:58 INFO     Making request to url: https://centres.citizensinformation.ie/county.php?county=kildare
2024-09-14 13:13:58 INFO     Writing centres.citizensinformation.ie_county_kildarecounty_.html successful
2024-09-14 13:13:58 INFO     Breaking between requests for 3.1847801543155274 seconds
2024-09-14 13:14:01 INFO     centres.citizensinformation.ie_county_kilkennycounty_.html does not exist, link: https://centres.citizensinformation.ie/county.php?county=kilkenny
2024-09-14 13:14:01 INFO     Making request to url: https://centres.citizensinformation.ie/county.php?county=kilkenny
2024-09-14 13:14:02 INFO     Writing centres.citizensinformation.ie_county_kilkennycounty_.html successful
2024-09-14 13:14:02 INFO     Breaking between requests for 2.7575401309839833 seconds
2024-09-14 13:14:05 INFO     centres.citizensinformation.ie_county_laoiscounty_.html does not exist, link: https://centres.citizensinformation.ie/county.php?county=laois
2024-09-14 13:14:05 INFO     Making request to url: https://centres.citizensinformation.ie/county.php?county=laois
2024-09-14 13:14:05 INFO     Writing centres.citizensinformation.ie_county_laoiscounty_.html successful
2024-09-14 13:14:05 INFO     Breaking between requests for 3.947122836576421 seconds
2024-09-14 13:14:09 INFO     centres.citizensinformation.ie_county_leitrimcounty_.html does not exist, link: https://centres.citizensinformation.ie/county.php?county=leitrim
2024-09-14 13:14:09 INFO     Making request to url: https://centres.citizensinformation.ie/county.php?county=leitrim
2024-09-14 13:14:09 INFO     Writing centres.citizensinformation.ie_county_leitrimcounty_.html successful
2024-09-14 13:14:09 INFO     Breaking between requests for 6.073696706292773 seconds
2024-09-14 13:14:15 INFO     centres.citizensinformation.ie_county_limerickcounty_.html does not exist, link: https://centres.citizensinformation.ie/county.php?county=limerick
2024-09-14 13:14:15 INFO     Making request to url: https://centres.citizensinformation.ie/county.php?county=limerick
2024-09-14 13:14:15 INFO     Writing centres.citizensinformation.ie_county_limerickcounty_.html successful
2024-09-14 13:14:15 INFO     Breaking between requests for 3.4199984119881135 seconds
2024-09-14 13:14:19 INFO     centres.citizensinformation.ie_county_longfordcounty_.html does not exist, link: https://centres.citizensinformation.ie/county.php?county=longford
2024-09-14 13:14:19 INFO     Making request to url: https://centres.citizensinformation.ie/county.php?county=longford
2024-09-14 13:14:19 INFO     Writing centres.citizensinformation.ie_county_longfordcounty_.html successful
2024-09-14 13:14:19 INFO     Breaking between requests for 4.4218695353407425 seconds
2024-09-14 13:14:24 INFO     centres.citizensinformation.ie_county_louthcounty_.html does not exist, link: https://centres.citizensinformation.ie/county.php?county=louth
2024-09-14 13:14:24 INFO     Making request to url: https://centres.citizensinformation.ie/county.php?county=louth
2024-09-14 13:14:24 INFO     Writing centres.citizensinformation.ie_county_louthcounty_.html successful
2024-09-14 13:14:24 INFO     Breaking between requests for 3.3612784426774462 seconds
2024-09-14 13:14:27 INFO     centres.citizensinformation.ie_county_mayocounty_.html does not exist, link: https://centres.citizensinformation.ie/county.php?county=mayo
2024-09-14 13:14:27 INFO     Making request to url: https://centres.citizensinformation.ie/county.php?county=mayo
2024-09-14 13:14:27 INFO     Writing centres.citizensinformation.ie_county_mayocounty_.html successful
2024-09-14 13:14:27 INFO     Breaking between requests for 4.045959967908362 seconds
2024-09-14 13:14:32 INFO     centres.citizensinformation.ie_county_meathcounty_.html does not exist, link: https://centres.citizensinformation.ie/county.php?county=meath
2024-09-14 13:14:32 INFO     Making request to url: https://centres.citizensinformation.ie/county.php?county=meath
2024-09-14 13:14:32 INFO     Writing centres.citizensinformation.ie_county_meathcounty_.html successful
2024-09-14 13:14:32 INFO     Breaking between requests for 6.086064677335849 seconds
2024-09-14 13:14:38 INFO     centres.citizensinformation.ie_county_monaghancounty_.html does not exist, link: https://centres.citizensinformation.ie/county.php?county=monaghan
2024-09-14 13:14:38 INFO     Making request to url: https://centres.citizensinformation.ie/county.php?county=monaghan
2024-09-14 13:14:38 INFO     Writing centres.citizensinformation.ie_county_monaghancounty_.html successful
2024-09-14 13:14:38 INFO     Breaking between requests for 6.774583232939163 seconds
2024-09-14 13:14:45 INFO     centres.citizensinformation.ie_county_offalycounty_.html does not exist, link: https://centres.citizensinformation.ie/county.php?county=offaly
2024-09-14 13:14:45 INFO     Making request to url: https://centres.citizensinformation.ie/county.php?county=offaly
2024-09-14 13:14:45 INFO     Writing centres.citizensinformation.ie_county_offalycounty_.html successful
2024-09-14 13:14:45 INFO     Breaking between requests for 6.920359359601461 seconds
2024-09-14 13:14:52 INFO     centres.citizensinformation.ie_county_roscommoncounty_.html does not exist, link: https://centres.citizensinformation.ie/county.php?county=roscommon
2024-09-14 13:14:52 INFO     Making request to url: https://centres.citizensinformation.ie/county.php?county=roscommon
2024-09-14 13:14:52 INFO     Writing centres.citizensinformation.ie_county_roscommoncounty_.html successful
2024-09-14 13:14:52 INFO     Breaking between requests for 4.152261923707136 seconds
2024-09-14 13:14:57 INFO     centres.citizensinformation.ie_county_sligocounty_.html does not exist, link: https://centres.citizensinformation.ie/county.php?county=sligo
2024-09-14 13:14:57 INFO     Making request to url: https://centres.citizensinformation.ie/county.php?county=sligo
2024-09-14 13:14:57 INFO     Writing centres.citizensinformation.ie_county_sligocounty_.html successful
2024-09-14 13:14:57 INFO     Breaking between requests for 4.050993152090202 seconds
2024-09-14 13:15:01 INFO     centres.citizensinformation.ie_county_tipperarycounty_.html does not exist, link: https://centres.citizensinformation.ie/county.php?county=tipperary
2024-09-14 13:15:01 INFO     Making request to url: https://centres.citizensinformation.ie/county.php?county=tipperary
2024-09-14 13:15:01 INFO     Writing centres.citizensinformation.ie_county_tipperarycounty_.html successful
2024-09-14 13:15:01 INFO     Breaking between requests for 5.001999839489143 seconds
2024-09-14 13:15:06 INFO     centres.citizensinformation.ie_county_waterfordcounty_.html does not exist, link: https://centres.citizensinformation.ie/county.php?county=waterford
2024-09-14 13:15:06 INFO     Making request to url: https://centres.citizensinformation.ie/county.php?county=waterford
2024-09-14 13:15:07 INFO     Writing centres.citizensinformation.ie_county_waterfordcounty_.html successful
2024-09-14 13:15:07 INFO     Breaking between requests for 4.470317730342909 seconds
2024-09-14 13:15:11 INFO     centres.citizensinformation.ie_county_westmeathcounty_.html does not exist, link: https://centres.citizensinformation.ie/county.php?county=westmeath
2024-09-14 13:15:11 INFO     Making request to url: https://centres.citizensinformation.ie/county.php?county=westmeath
2024-09-14 13:15:11 INFO     Writing centres.citizensinformation.ie_county_westmeathcounty_.html successful
2024-09-14 13:15:11 INFO     Breaking between requests for 4.584903950701319 seconds
2024-09-14 13:15:16 INFO     centres.citizensinformation.ie_county_wexfordcounty_.html does not exist, link: https://centres.citizensinformation.ie/county.php?county=wexford
2024-09-14 13:15:16 INFO     Making request to url: https://centres.citizensinformation.ie/county.php?county=wexford
2024-09-14 13:15:16 INFO     Writing centres.citizensinformation.ie_county_wexfordcounty_.html successful
2024-09-14 13:15:16 INFO     Breaking between requests for 7.358778996315044 seconds
2024-09-14 13:15:24 INFO     centres.citizensinformation.ie_county_wicklowcounty_.html does not exist, link: https://centres.citizensinformation.ie/county.php?county=wicklow
2024-09-14 13:15:24 INFO     Making request to url: https://centres.citizensinformation.ie/county.php?county=wicklow
2024-09-14 13:15:24 INFO     Writing centres.citizensinformation.ie_county_wicklowcounty_.html successful
2024-09-14 13:15:24 INFO     Breaking between requests for 4.225221193016214 seconds
2024-09-14 13:15:28 INFO     en_about_volunteer_with_citizens_information.html does not exist, link: /en/about/volunteer-with-citizens-information/
2024-09-14 13:15:28 INFO     Making request to url: https://www.citizensinformation.ie/en/about/volunteer-with-citizens-information/
2024-09-14 13:15:29 INFO     Writing en_about_volunteer_with_citizens_information.html successful
2024-09-14 13:15:29 INFO     Breaking between requests for 5.684182843392868 seconds
2024-09-14 13:15:34 INFO     en_my_situation_categorytree.html does not exist, link: /en/my-situation/categorytree/
2024-09-14 13:15:34 INFO     Making request to url: https://www.citizensinformation.ie/en/my-situation/categorytree/
2024-09-14 13:15:35 INFO     Writing en_my_situation_categorytree.html successful
2024-09-14 13:15:35 INFO     Breaking between requests for 6.182174259875256 seconds
2024-09-14 13:15:41 INFO     en_whats_new.html already exists, skipping...
2024-09-14 13:15:41 INFO     en_my_situation_mysituation.html already exists, skipping...
2024-09-14 13:15:41 INFO     centres.citizensinformation.ie.html already exists, skipping...
2024-09-14 13:15:41 INFO     en_about_volunteer_with_citizens_information.html already exists, skipping...
2024-09-14 13:15:41 INFO     en_social_welfare_extra_social_welfare_benefits_fuel_allowance.html does not exist, link: /en/social-welfare/extra-social-welfare-benefits/fuel-allowance/
2024-09-14 13:15:41 INFO     Making request to url: https://www.citizensinformation.ie/en/social-welfare/extra-social-welfare-benefits/fuel-allowance/
2024-09-14 13:15:41 INFO     Writing en_social_welfare_extra_social_welfare_benefits_fuel_allowance.html successful
2024-09-14 13:15:41 INFO     Breaking between requests for 5.505467287463758 seconds
2024-09-14 13:15:46 INFO     en_social_welfare_older_and_retired_people_state_pension_contributory.html does not exist, link: /en/social-welfare/older-and-retired-people/state-pension-contributory/
2024-09-14 13:15:46 INFO     Making request to url: https://www.citizensinformation.ie/en/social-welfare/older-and-retired-people/state-pension-contributory/
2024-09-14 13:15:47 INFO     Writing en_social_welfare_older_and_retired_people_state_pension_contributory.html successful
2024-09-14 13:15:47 INFO     Breaking between requests for 4.53500985061935 seconds
2024-09-14 13:15:51 INFO     en_moving_country_irish_citizenship_irish_citizenship_through_birth_or_descent.html does not exist, link: /en/moving-country/irish-citizenship/irish-citizenship-through-birth-or-descent/
2024-09-14 13:15:51 INFO     Making request to url: https://www.citizensinformation.ie/en/moving-country/irish-citizenship/irish-citizenship-through-birth-or-descent/
2024-09-14 13:15:52 INFO     Writing en_moving_country_irish_citizenship_irish_citizenship_through_birth_or_descent.html successful
2024-09-14 13:15:52 INFO     Breaking between requests for 2.2699976528800523 seconds
2024-09-14 13:15:54 INFO     en_employment_employment_rights_and_conditions_leave_and_holidays_public_holidays.html does not exist, link: /en/employment/employment-rights-and-conditions/leave-and-holidays/public-holidays/
2024-09-14 13:15:54 INFO     Making request to url: https://www.citizensinformation.ie/en/employment/employment-rights-and-conditions/leave-and-holidays/public-holidays/
2024-09-14 13:15:54 INFO     Writing en_employment_employment_rights_and_conditions_leave_and_holidays_public_holidays.html successful
2024-09-14 13:15:54 INFO     Breaking between requests for 6.17199823166041 seconds
2024-09-14 13:16:01 INFO     en_social_welfare_extra_social_welfare_benefits_household_benefits_package.html does not exist, link: /en/social-welfare/extra-social-welfare-benefits/household-benefits-package/
2024-09-14 13:16:01 INFO     Making request to url: https://www.citizensinformation.ie/en/social-welfare/extra-social-welfare-benefits/household-benefits-package/
2024-09-14 13:16:01 INFO     Writing en_social_welfare_extra_social_welfare_benefits_household_benefits_package.html successful
2024-09-14 13:16:01 INFO     Breaking between requests for 3.9251029210487607 seconds
2024-09-14 13:16:05 INFO     en_health.html already exists, skipping...
2024-09-14 13:16:05 INFO     en_health_covid19.html does not exist, link: /en/health/covid19/
2024-09-14 13:16:05 INFO     Making request to url: https://www.citizensinformation.ie/en/health/covid19/
2024-09-14 13:16:05 INFO     Writing en_health_covid19.html successful
2024-09-14 13:16:05 INFO     Breaking between requests for 5.276328967567821 seconds
2024-09-14 13:16:10 INFO     en_health_health_system.html does not exist, link: /en/health/health-system/
2024-09-14 13:16:10 INFO     Making request to url: https://www.citizensinformation.ie/en/health/health-system/
2024-09-14 13:16:11 INFO     Writing en_health_health_system.html successful
2024-09-14 13:16:11 INFO     Breaking between requests for 7.000222590283348 seconds
2024-09-14 13:16:18 INFO     en_health_medical_cards_and_gp_visit_cards.html does not exist, link: /en/health/medical-cards-and-gp-visit-cards/
2024-09-14 13:16:18 INFO     Making request to url: https://www.citizensinformation.ie/en/health/medical-cards-and-gp-visit-cards/
2024-09-14 13:16:18 INFO     Writing en_health_medical_cards_and_gp_visit_cards.html successful
2024-09-14 13:16:18 INFO     Breaking between requests for 7.874504013023033 seconds
2024-09-14 13:16:26 INFO     en_health_health_services.html does not exist, link: /en/health/health-services/
2024-09-14 13:16:26 INFO     Making request to url: https://www.citizensinformation.ie/en/health/health-services/
2024-09-14 13:16:27 INFO     Writing en_health_health_services.html successful
2024-09-14 13:16:27 INFO     Breaking between requests for 6.927434370708259 seconds
2024-09-14 13:16:34 INFO     en_health_health_services_gp_and_hospital_services.html does not exist, link: /en/health/health-services/gp-and-hospital-services/
2024-09-14 13:16:34 INFO     Making request to url: https://www.citizensinformation.ie/en/health/health-services/gp-and-hospital-services/
2024-09-14 13:16:35 INFO     Writing en_health_health_services_gp_and_hospital_services.html successful
2024-09-14 13:16:35 INFO     Breaking between requests for 7.806491654569722 seconds
2024-09-14 13:16:43 INFO     en_health_health_services_dental_aural_and_optical_services.html does not exist, link: /en/health/health-services/dental-aural-and-optical-services/
2024-09-14 13:16:43 INFO     Making request to url: https://www.citizensinformation.ie/en/health/health-services/dental-aural-and-optical-services/
2024-09-14 13:16:43 INFO     Writing en_health_health_services_dental_aural_and_optical_services.html successful
2024-09-14 13:16:43 INFO     Breaking between requests for 5.865581123925516 seconds
2024-09-14 13:16:49 INFO     en_health_health_services_children_s_health.html does not exist, link: /en/health/health-services/children-s-health/
2024-09-14 13:16:49 INFO     Making request to url: https://www.citizensinformation.ie/en/health/health-services/children-s-health/
2024-09-14 13:16:50 INFO     Writing en_health_health_services_children_s_health.html successful
2024-09-14 13:16:50 INFO     Breaking between requests for 2.4442665009661075 seconds
2024-09-14 13:16:52 INFO     en_health_health_services_health_services_for_older_people.html does not exist, link: /en/health/health-services/health-services-for-older-people/
2024-09-14 13:16:52 INFO     Making request to url: https://www.citizensinformation.ie/en/health/health-services/health-services-for-older-people/
2024-09-14 13:16:53 INFO     Writing en_health_health_services_health_services_for_older_people.html successful
2024-09-14 13:16:53 INFO     Breaking between requests for 2.915004531042361 seconds
2024-09-14 13:16:56 INFO     en_social_welfare.html already exists, skipping...
2024-09-14 13:16:56 INFO     en_social_welfare_irish_social_welfare_system.html does not exist, link: /en/social-welfare/irish-social-welfare-system/
2024-09-14 13:16:56 INFO     Making request to url: https://www.citizensinformation.ie/en/social-welfare/irish-social-welfare-system/
2024-09-14 13:16:57 INFO     Writing en_social_welfare_irish_social_welfare_system.html successful
2024-09-14 13:16:57 INFO     Breaking between requests for 7.347695825786045 seconds
2024-09-14 13:17:04 INFO     en_social_welfare_irish_social_welfare_system_claiming_a_social_welfare_payment.html does not exist, link: /en/social-welfare/irish-social-welfare-system/claiming-a-social-welfare-payment/
2024-09-14 13:17:04 INFO     Making request to url: https://www.citizensinformation.ie/en/social-welfare/irish-social-welfare-system/claiming-a-social-welfare-payment/
2024-09-14 13:17:04 INFO     Writing en_social_welfare_irish_social_welfare_system_claiming_a_social_welfare_payment.html successful
2024-09-14 13:17:04 INFO     Breaking between requests for 4.89541747920819 seconds
2024-09-14 13:17:09 INFO     en_social_welfare_irish_social_welfare_system_social_insurance_prsi.html does not exist, link: /en/social-welfare/irish-social-welfare-system/social-insurance-prsi/
2024-09-14 13:17:09 INFO     Making request to url: https://www.citizensinformation.ie/en/social-welfare/irish-social-welfare-system/social-insurance-prsi/
2024-09-14 13:17:10 INFO     Writing en_social_welfare_irish_social_welfare_system_social_insurance_prsi.html successful
2024-09-14 13:17:10 INFO     Breaking between requests for 2.090063490441308 seconds
2024-09-14 13:17:12 INFO     en_social_welfare_irish_social_welfare_system_social_assistance_payments.html does not exist, link: /en/social-welfare/irish-social-welfare-system/social-assistance-payments/
2024-09-14 13:17:12 INFO     Making request to url: https://www.citizensinformation.ie/en/social-welfare/irish-social-welfare-system/social-assistance-payments/
2024-09-14 13:17:13 INFO     Writing en_social_welfare_irish_social_welfare_system_social_assistance_payments.html successful
2024-09-14 13:17:13 INFO     Breaking between requests for 2.060953388916491 seconds
2024-09-14 13:17:15 INFO     en_social_welfare_irish_social_welfare_system_means_test_for_social_welfare_payments.html does not exist, link: /en/social-welfare/irish-social-welfare-system/means-test-for-social-welfare-payments/
2024-09-14 13:17:15 INFO     Making request to url: https://www.citizensinformation.ie/en/social-welfare/irish-social-welfare-system/means-test-for-social-welfare-payments/
2024-09-14 13:17:15 INFO     Writing en_social_welfare_irish_social_welfare_system_means_test_for_social_welfare_payments.html successful
2024-09-14 13:17:15 INFO     Breaking between requests for 6.762814299274567 seconds
2024-09-14 13:17:22 INFO     en_social_welfare_irish_social_welfare_system_case_studies_checklists.html does not exist, link: /en/social-welfare/irish-social-welfare-system/case-studies-checklists/
2024-09-14 13:17:22 INFO     Making request to url: https://www.citizensinformation.ie/en/social-welfare/irish-social-welfare-system/case-studies-checklists/
2024-09-14 13:17:22 INFO     Writing en_social_welfare_irish_social_welfare_system_case_studies_checklists.html successful
2024-09-14 13:17:22 INFO     Breaking between requests for 4.329026690122774 seconds
2024-09-14 13:17:27 INFO     en_social_welfare_disability_and_illness.html does not exist, link: /en/social-welfare/disability-and-illness/
2024-09-14 13:17:27 INFO     Making request to url: https://www.citizensinformation.ie/en/social-welfare/disability-and-illness/
2024-09-14 13:17:27 INFO     Writing en_social_welfare_disability_and_illness.html successful
2024-09-14 13:17:27 INFO     Breaking between requests for 7.229034801072362 seconds
2024-09-14 13:17:34 INFO     en_social_welfare_carers.html does not exist, link: /en/social-welfare/carers/
2024-09-14 13:17:34 INFO     Making request to url: https://www.citizensinformation.ie/en/social-welfare/carers/
2024-09-14 13:17:35 INFO     Writing en_social_welfare_carers.html successful
2024-09-14 13:17:35 INFO     Breaking between requests for 7.5737560094000695 seconds
2024-09-14 13:17:42 INFO     en_employment.html already exists, skipping...
2024-09-14 13:17:42 INFO     en_employment_types_of_employment.html does not exist, link: /en/employment/types-of-employment/
2024-09-14 13:17:42 INFO     Making request to url: https://www.citizensinformation.ie/en/employment/types-of-employment/
2024-09-14 13:17:43 INFO     Writing en_employment_types_of_employment.html successful
2024-09-14 13:17:43 INFO     Breaking between requests for 4.172073117095108 seconds
2024-09-14 13:17:47 INFO     en_employment_types_of_employment_self_employment.html does not exist, link: /en/employment/types-of-employment/self-employment/
2024-09-14 13:17:47 INFO     Making request to url: https://www.citizensinformation.ie/en/employment/types-of-employment/self-employment/
2024-09-14 13:17:47 INFO     Writing en_employment_types_of_employment_self_employment.html successful
2024-09-14 13:17:47 INFO     Breaking between requests for 7.452417895869764 seconds
2024-09-14 13:17:55 INFO     en_employment_starting_work_and_changing_job.html does not exist, link: /en/employment/starting-work-and-changing-job/
2024-09-14 13:17:55 INFO     Making request to url: https://www.citizensinformation.ie/en/employment/starting-work-and-changing-job/
2024-09-14 13:17:55 INFO     Writing en_employment_starting_work_and_changing_job.html successful
2024-09-14 13:17:55 INFO     Breaking between requests for 3.57410871149016 seconds
2024-09-14 13:17:59 INFO     en_employment_starting_work_and_changing_job_training_and_looking_for_work.html does not exist, link: /en/employment/starting-work-and-changing-job/training-and-looking-for-work/
2024-09-14 13:17:59 INFO     Making request to url: https://www.citizensinformation.ie/en/employment/starting-work-and-changing-job/training-and-looking-for-work/
2024-09-14 13:17:59 INFO     Writing en_employment_starting_work_and_changing_job_training_and_looking_for_work.html successful
2024-09-14 13:17:59 INFO     Breaking between requests for 2.6374632624869294 seconds
2024-09-14 13:18:02 INFO     en_employment_starting_work_and_changing_job_starting_work.html does not exist, link: /en/employment/starting-work-and-changing-job/starting-work/
2024-09-14 13:18:02 INFO     Making request to url: https://www.citizensinformation.ie/en/employment/starting-work-and-changing-job/starting-work/
2024-09-14 13:18:03 INFO     Writing en_employment_starting_work_and_changing_job_starting_work.html successful
2024-09-14 13:18:03 INFO     Breaking between requests for 5.494755322489224 seconds
2024-09-14 13:18:08 INFO     en_employment_starting_work_and_changing_job_changing_job.html does not exist, link: /en/employment/starting-work-and-changing-job/changing-job/
2024-09-14 13:18:08 INFO     Making request to url: https://www.citizensinformation.ie/en/employment/starting-work-and-changing-job/changing-job/
2024-09-14 13:18:09 INFO     Writing en_employment_starting_work_and_changing_job_changing_job.html successful
2024-09-14 13:18:09 INFO     Breaking between requests for 7.635319990893549 seconds
2024-09-14 13:18:16 INFO     en_employment_starting_work_and_changing_job_young_people_at_work.html does not exist, link: /en/employment/starting-work-and-changing-job/young-people-at-work/
2024-09-14 13:18:16 INFO     Making request to url: https://www.citizensinformation.ie/en/employment/starting-work-and-changing-job/young-people-at-work/
2024-09-14 13:18:17 INFO     Writing en_employment_starting_work_and_changing_job_young_people_at_work.html successful
2024-09-14 13:18:17 INFO     Breaking between requests for 4.1875485591354265 seconds
2024-09-14 13:18:21 INFO     en_employment_employment_rights_and_conditions.html does not exist, link: /en/employment/employment-rights-and-conditions/
2024-09-14 13:18:21 INFO     Making request to url: https://www.citizensinformation.ie/en/employment/employment-rights-and-conditions/
2024-09-14 13:18:21 INFO     Writing en_employment_employment_rights_and_conditions.html successful
2024-09-14 13:18:21 INFO     Breaking between requests for 6.804741980155014 seconds
2024-09-14 13:18:28 INFO     en_money_and_tax.html already exists, skipping...
2024-09-14 13:18:28 INFO     en_money_and_tax_tax.html does not exist, link: /en/money-and-tax/tax/
2024-09-14 13:18:28 INFO     Making request to url: https://www.citizensinformation.ie/en/money-and-tax/tax/
2024-09-14 13:18:29 INFO     Writing en_money_and_tax_tax.html successful
2024-09-14 13:18:29 INFO     Breaking between requests for 4.764019979544644 seconds
2024-09-14 13:18:33 INFO     en_money_and_tax_tax_income_tax.html does not exist, link: /en/money-and-tax/tax/income-tax/
2024-09-14 13:18:33 INFO     Making request to url: https://www.citizensinformation.ie/en/money-and-tax/tax/income-tax/
2024-09-14 13:18:34 INFO     Writing en_money_and_tax_tax_income_tax.html successful
2024-09-14 13:18:34 INFO     Breaking between requests for 2.839499669596771 seconds
2024-09-14 13:18:36 INFO     en_money_and_tax_tax_income_tax_credits_and_reliefs.html does not exist, link: /en/money-and-tax/tax/income-tax-credits-and-reliefs/
2024-09-14 13:18:36 INFO     Making request to url: https://www.citizensinformation.ie/en/money-and-tax/tax/income-tax-credits-and-reliefs/
2024-09-14 13:18:37 INFO     Writing en_money_and_tax_tax_income_tax_credits_and_reliefs.html successful
2024-09-14 13:18:37 INFO     Breaking between requests for 2.639463653589934 seconds
2024-09-14 13:18:39 INFO     en_money_and_tax_tax_tax_credits_and_reliefs_for_people_with_disabilities.html does not exist, link: /en/money-and-tax/tax/tax-credits-and-reliefs-for-people-with-disabilities/
2024-09-14 13:18:39 INFO     Making request to url: https://www.citizensinformation.ie/en/money-and-tax/tax/tax-credits-and-reliefs-for-people-with-disabilities/
2024-09-14 13:18:40 INFO     Writing en_money_and_tax_tax_tax_credits_and_reliefs_for_people_with_disabilities.html successful
2024-09-14 13:18:40 INFO     Breaking between requests for 2.331107868102166 seconds
2024-09-14 13:18:42 INFO     en_money_and_tax_tax_capital_taxes.html does not exist, link: /en/money-and-tax/tax/capital-taxes/
2024-09-14 13:18:42 INFO     Making request to url: https://www.citizensinformation.ie/en/money-and-tax/tax/capital-taxes/
2024-09-14 13:18:43 INFO     Writing en_money_and_tax_tax_capital_taxes.html successful
2024-09-14 13:18:43 INFO     Breaking between requests for 2.7787174434628503 seconds
2024-09-14 13:18:45 INFO     en_money_and_tax_tax_housing_taxes_and_reliefs.html does not exist, link: /en/money-and-tax/tax/housing-taxes-and-reliefs/
2024-09-14 13:18:45 INFO     Making request to url: https://www.citizensinformation.ie/en/money-and-tax/tax/housing-taxes-and-reliefs/
2024-09-14 13:18:46 INFO     Writing en_money_and_tax_tax_housing_taxes_and_reliefs.html successful
2024-09-14 13:18:46 INFO     Breaking between requests for 7.390031120735577 seconds
2024-09-14 13:18:53 INFO     en_money_and_tax_tax_duties_and_vat.html does not exist, link: /en/money-and-tax/tax/duties-and-vat/
2024-09-14 13:18:53 INFO     Making request to url: https://www.citizensinformation.ie/en/money-and-tax/tax/duties-and-vat/
2024-09-14 13:18:54 INFO     Writing en_money_and_tax_tax_duties_and_vat.html successful
2024-09-14 13:18:54 INFO     Breaking between requests for 6.818138188759954 seconds
2024-09-14 13:19:01 INFO     en_money_and_tax_tax_tax_on_savings_and_investments.html does not exist, link: /en/money-and-tax/tax/tax-on-savings-and-investments/
2024-09-14 13:19:01 INFO     Making request to url: https://www.citizensinformation.ie/en/money-and-tax/tax/tax-on-savings-and-investments/
2024-09-14 13:19:01 INFO     Writing en_money_and_tax_tax_tax_on_savings_and_investments.html successful
2024-09-14 13:19:01 INFO     Breaking between requests for 6.887406696885483 seconds
2024-09-14 13:19:08 INFO     en_moving_country.html already exists, skipping...
2024-09-14 13:19:08 INFO     en_moving_country_irish_citizenship.html does not exist, link: /en/moving-country/irish-citizenship/
2024-09-14 13:19:08 INFO     Making request to url: https://www.citizensinformation.ie/en/moving-country/irish-citizenship/
2024-09-14 13:19:09 INFO     Writing en_moving_country_irish_citizenship.html successful
2024-09-14 13:19:09 INFO     Breaking between requests for 6.265726598040075 seconds
2024-09-14 13:19:15 INFO     en_moving_country_asylum_seekers_and_refugees.html does not exist, link: /en/moving-country/asylum-seekers-and-refugees/
2024-09-14 13:19:15 INFO     Making request to url: https://www.citizensinformation.ie/en/moving-country/asylum-seekers-and-refugees/
2024-09-14 13:19:15 INFO     Writing en_moving_country_asylum_seekers_and_refugees.html successful
2024-09-14 13:19:15 INFO     Breaking between requests for 5.251842417713469 seconds
2024-09-14 13:19:21 INFO     en_moving_country_asylum_seekers_and_refugees_the_asylum_process_in_ireland.html does not exist, link: /en/moving-country/asylum-seekers-and-refugees/the-asylum-process-in-ireland/
2024-09-14 13:19:21 INFO     Making request to url: https://www.citizensinformation.ie/en/moving-country/asylum-seekers-and-refugees/the-asylum-process-in-ireland/
2024-09-14 13:19:21 INFO     Writing en_moving_country_asylum_seekers_and_refugees_the_asylum_process_in_ireland.html successful
2024-09-14 13:19:21 INFO     Breaking between requests for 3.20787088761299 seconds
2024-09-14 13:19:25 INFO     en_moving_country_asylum_seekers_and_refugees_services_for_asylum_seekers_in_ireland.html does not exist, link: /en/moving-country/asylum-seekers-and-refugees/services-for-asylum-seekers-in-ireland/
2024-09-14 13:19:25 INFO     Making request to url: https://www.citizensinformation.ie/en/moving-country/asylum-seekers-and-refugees/services-for-asylum-seekers-in-ireland/
2024-09-14 13:19:25 INFO     Writing en_moving_country_asylum_seekers_and_refugees_services_for_asylum_seekers_in_ireland.html successful
2024-09-14 13:19:25 INFO     Breaking between requests for 4.329778559427244 seconds
2024-09-14 13:19:30 INFO     en_moving_country_asylum_seekers_and_refugees_refugee_status_and_leave_to_remain.html does not exist, link: /en/moving-country/asylum-seekers-and-refugees/refugee-status-and-leave-to-remain/
2024-09-14 13:19:30 INFO     Making request to url: https://www.citizensinformation.ie/en/moving-country/asylum-seekers-and-refugees/refugee-status-and-leave-to-remain/
2024-09-14 13:19:30 INFO     Writing en_moving_country_asylum_seekers_and_refugees_refugee_status_and_leave_to_remain.html successful
2024-09-14 13:19:30 INFO     Breaking between requests for 4.140746237109661 seconds
2024-09-14 13:19:34 INFO     en_moving_country_visas_for_ireland.html does not exist, link: /en/moving-country/visas-for-ireland/
2024-09-14 13:19:34 INFO     Making request to url: https://www.citizensinformation.ie/en/moving-country/visas-for-ireland/
2024-09-14 13:19:35 INFO     Writing en_moving_country_visas_for_ireland.html successful
2024-09-14 13:19:35 INFO     Breaking between requests for 6.548514979080895 seconds
2024-09-14 13:19:41 INFO     en_moving_country_moving_abroad.html does not exist, link: /en/moving-country/moving-abroad/
2024-09-14 13:19:41 INFO     Making request to url: https://www.citizensinformation.ie/en/moving-country/moving-abroad/
2024-09-14 13:19:42 INFO     Writing en_moving_country_moving_abroad.html successful
2024-09-14 13:19:42 INFO     Breaking between requests for 3.8351168381886085 seconds
2024-09-14 13:19:46 INFO     en_moving_country_moving_abroad_leaving_ireland.html does not exist, link: /en/moving-country/moving-abroad/leaving-ireland/
2024-09-14 13:19:46 INFO     Making request to url: https://www.citizensinformation.ie/en/moving-country/moving-abroad/leaving-ireland/
2024-09-14 13:19:46 INFO     Writing en_moving_country_moving_abroad_leaving_ireland.html successful
2024-09-14 13:19:46 INFO     Breaking between requests for 2.1209404590210115 seconds
2024-09-14 13:19:48 INFO     en_returning_to_ireland.html already exists, skipping...
2024-09-14 13:19:48 INFO     en_returning_to_ireland_planning_your_journey_home.html does not exist, link: /en/returning-to-ireland/planning-your-journey-home/
2024-09-14 13:19:48 INFO     Making request to url: https://www.citizensinformation.ie/en/returning-to-ireland/planning-your-journey-home/
2024-09-14 13:19:49 INFO     Writing en_returning_to_ireland_planning_your_journey_home.html successful
2024-09-14 13:19:49 INFO     Breaking between requests for 6.881702733284204 seconds
2024-09-14 13:19:56 INFO     en_returning_to_ireland_returning_in_crisis.html does not exist, link: /en/returning-to-ireland/returning-in-crisis/
2024-09-14 13:19:56 INFO     Making request to url: https://www.citizensinformation.ie/en/returning-to-ireland/returning-in-crisis/
2024-09-14 13:19:56 INFO     Writing en_returning_to_ireland_returning_in_crisis.html successful
2024-09-14 13:19:56 INFO     Breaking between requests for 6.193929124130175 seconds
2024-09-14 13:20:03 INFO     en_returning_to_ireland_residency_and_citizenship.html does not exist, link: /en/returning-to-ireland/residency-and-citizenship/
2024-09-14 13:20:03 INFO     Making request to url: https://www.citizensinformation.ie/en/returning-to-ireland/residency-and-citizenship/
2024-09-14 13:20:03 INFO     Writing en_returning_to_ireland_residency_and_citizenship.html successful
2024-09-14 13:20:03 INFO     Breaking between requests for 7.23320030418851 seconds
2024-09-14 13:20:10 INFO     en_returning_to_ireland_finding_somewhere_to_live.html does not exist, link: /en/returning-to-ireland/finding-somewhere-to-live/
2024-09-14 13:20:10 INFO     Making request to url: https://www.citizensinformation.ie/en/returning-to-ireland/finding-somewhere-to-live/
2024-09-14 13:20:11 INFO     Writing en_returning_to_ireland_finding_somewhere_to_live.html successful
2024-09-14 13:20:11 INFO     Breaking between requests for 3.483823731988517 seconds
2024-09-14 13:20:15 INFO     en_returning_to_ireland_retiring_to_ireland.html does not exist, link: /en/returning-to-ireland/retiring-to-ireland/
2024-09-14 13:20:15 INFO     Making request to url: https://www.citizensinformation.ie/en/returning-to-ireland/retiring-to-ireland/
2024-09-14 13:20:15 INFO     Writing en_returning_to_ireland_retiring_to_ireland.html successful
2024-09-14 13:20:15 INFO     Breaking between requests for 4.958687605916604 seconds
2024-09-14 13:20:20 INFO     en_returning_to_ireland_applying_for_social_welfare.html does not exist, link: /en/returning-to-ireland/applying-for-social-welfare/
2024-09-14 13:20:20 INFO     Making request to url: https://www.citizensinformation.ie/en/returning-to-ireland/applying-for-social-welfare/
2024-09-14 13:20:21 INFO     Writing en_returning_to_ireland_applying_for_social_welfare.html successful
2024-09-14 13:20:21 INFO     Breaking between requests for 5.9498086842058076 seconds
2024-09-14 13:20:27 INFO     en_returning_to_ireland_looking_after_your_health.html does not exist, link: /en/returning-to-ireland/looking-after-your-health/
2024-09-14 13:20:27 INFO     Making request to url: https://www.citizensinformation.ie/en/returning-to-ireland/looking-after-your-health/
2024-09-14 13:20:28 INFO     Writing en_returning_to_ireland_looking_after_your_health.html successful
2024-09-14 13:20:28 INFO     Breaking between requests for 7.1924634788415585 seconds
2024-09-14 13:20:35 INFO     en_returning_to_ireland_coming_home_with_children.html does not exist, link: /en/returning-to-ireland/coming-home-with-children/
2024-09-14 13:20:35 INFO     Making request to url: https://www.citizensinformation.ie/en/returning-to-ireland/coming-home-with-children/
2024-09-14 13:20:36 INFO     Writing en_returning_to_ireland_coming_home_with_children.html successful
2024-09-14 13:20:36 INFO     Breaking between requests for 7.0228667252753105 seconds
2024-09-14 13:20:43 INFO     en_housing.html already exists, skipping...
2024-09-14 13:20:43 INFO     en_housing_renting_a_home.html does not exist, link: /en/housing/renting-a-home/
2024-09-14 13:20:43 INFO     Making request to url: https://www.citizensinformation.ie/en/housing/renting-a-home/
2024-09-14 13:20:43 INFO     Writing en_housing_renting_a_home.html successful
2024-09-14 13:20:43 INFO     Breaking between requests for 5.921022272789197 seconds
2024-09-14 13:20:49 INFO     en_housing_renting_a_home_help_with_renting.html does not exist, link: /en/housing/renting-a-home/help-with-renting/
2024-09-14 13:20:49 INFO     Making request to url: https://www.citizensinformation.ie/en/housing/renting-a-home/help-with-renting/
2024-09-14 13:20:50 INFO     Writing en_housing_renting_a_home_help_with_renting.html successful
2024-09-14 13:20:50 INFO     Breaking between requests for 3.3865678337105924 seconds
2024-09-14 13:20:53 INFO     en_housing_renting_a_home_tenants_rights_and_responsibilities.html does not exist, link: /en/housing/renting-a-home/tenants-rights-and-responsibilities/
2024-09-14 13:20:53 INFO     Making request to url: https://www.citizensinformation.ie/en/housing/renting-a-home/tenants-rights-and-responsibilities/
2024-09-14 13:20:54 INFO     Writing en_housing_renting_a_home_tenants_rights_and_responsibilities.html successful
2024-09-14 13:20:54 INFO     Breaking between requests for 6.2502560737889965 seconds
2024-09-14 13:21:00 INFO     en_housing_renting_a_home_landlords_rights_and_responsibilities.html does not exist, link: /en/housing/renting-a-home/landlords-rights-and-responsibilities/
2024-09-14 13:21:00 INFO     Making request to url: https://www.citizensinformation.ie/en/housing/renting-a-home/landlords-rights-and-responsibilities/
2024-09-14 13:21:01 INFO     Writing en_housing_renting_a_home_landlords_rights_and_responsibilities.html successful
2024-09-14 13:21:01 INFO     Breaking between requests for 4.691799724317052 seconds
2024-09-14 13:21:05 INFO     en_housing_renting_a_home_resolving_disputes.html does not exist, link: /en/housing/renting-a-home/resolving-disputes/
2024-09-14 13:21:05 INFO     Making request to url: https://www.citizensinformation.ie/en/housing/renting-a-home/resolving-disputes/
2024-09-14 13:21:06 INFO     Writing en_housing_renting_a_home_resolving_disputes.html successful
2024-09-14 13:21:06 INFO     Breaking between requests for 5.2856562736146095 seconds
2024-09-14 13:21:11 INFO     en_housing_owning_a_home.html does not exist, link: /en/housing/owning-a-home/
2024-09-14 13:21:11 INFO     Making request to url: https://www.citizensinformation.ie/en/housing/owning-a-home/
2024-09-14 13:21:12 INFO     Writing en_housing_owning_a_home.html successful
2024-09-14 13:21:12 INFO     Breaking between requests for 7.122812221179183 seconds
2024-09-14 13:21:19 INFO     en_housing_owning_a_home_buying_a_home.html does not exist, link: /en/housing/owning-a-home/buying-a-home/
2024-09-14 13:21:19 INFO     Making request to url: https://www.citizensinformation.ie/en/housing/owning-a-home/buying-a-home/
2024-09-14 13:21:20 INFO     Writing en_housing_owning_a_home_buying_a_home.html successful
2024-09-14 13:21:20 INFO     Breaking between requests for 4.117670174106834 seconds
2024-09-14 13:21:24 INFO     en_housing_owning_a_home_help_with_buying_a_home.html does not exist, link: /en/housing/owning-a-home/help-with-buying-a-home/
2024-09-14 13:21:24 INFO     Making request to url: https://www.citizensinformation.ie/en/housing/owning-a-home/help-with-buying-a-home/
2024-09-14 13:21:24 INFO     Writing en_housing_owning_a_home_help_with_buying_a_home.html successful
2024-09-14 13:21:24 INFO     Breaking between requests for 6.931761542542002 seconds
2024-09-14 13:21:31 INFO     en_education.html already exists, skipping...
2024-09-14 13:21:31 INFO     en_education_the_irish_education_system.html does not exist, link: /en/education/the-irish-education-system/
2024-09-14 13:21:31 INFO     Making request to url: https://www.citizensinformation.ie/en/education/the-irish-education-system/
2024-09-14 13:21:32 INFO     Writing en_education_the_irish_education_system.html successful
2024-09-14 13:21:32 INFO     Breaking between requests for 6.078497522815938 seconds
2024-09-14 13:21:38 INFO     en_education_pre_school_education_and_childcare.html does not exist, link: /en/education/pre-school-education-and-childcare/
2024-09-14 13:21:38 INFO     Making request to url: https://www.citizensinformation.ie/en/education/pre-school-education-and-childcare/
2024-09-14 13:21:39 INFO     Writing en_education_pre_school_education_and_childcare.html successful
2024-09-14 13:21:39 INFO     Breaking between requests for 2.3302560941343886 seconds
2024-09-14 13:21:41 INFO     en_education_primary_and_post_primary_education.html does not exist, link: /en/education/primary-and-post-primary-education/
2024-09-14 13:21:41 INFO     Making request to url: https://www.citizensinformation.ie/en/education/primary-and-post-primary-education/
2024-09-14 13:21:41 INFO     Writing en_education_primary_and_post_primary_education.html successful
2024-09-14 13:21:41 INFO     Breaking between requests for 4.115806852631342 seconds
2024-09-14 13:21:46 INFO     en_education_primary_and_post_primary_education_going_to_primary_school.html does not exist, link: /en/education/primary-and-post-primary-education/going-to-primary-school/
2024-09-14 13:21:46 INFO     Making request to url: https://www.citizensinformation.ie/en/education/primary-and-post-primary-education/going-to-primary-school/
2024-09-14 13:21:46 INFO     Writing en_education_primary_and_post_primary_education_going_to_primary_school.html successful
2024-09-14 13:21:46 INFO     Breaking between requests for 3.846050103290109 seconds
2024-09-14 13:21:50 INFO     en_education_primary_and_post_primary_education_going_to_post_primary_school.html does not exist, link: /en/education/primary-and-post-primary-education/going-to-post-primary-school/
2024-09-14 13:21:50 INFO     Making request to url: https://www.citizensinformation.ie/en/education/primary-and-post-primary-education/going-to-post-primary-school/
2024-09-14 13:21:51 INFO     Writing en_education_primary_and_post_primary_education_going_to_post_primary_school.html successful
2024-09-14 13:21:51 INFO     Breaking between requests for 7.15746452322097 seconds
2024-09-14 13:21:58 INFO     en_education_primary_and_post_primary_education_educational_supports.html does not exist, link: /en/education/primary-and-post-primary-education/educational-supports/
2024-09-14 13:21:58 INFO     Making request to url: https://www.citizensinformation.ie/en/education/primary-and-post-primary-education/educational-supports/
2024-09-14 13:21:58 INFO     Writing en_education_primary_and_post_primary_education_educational_supports.html successful
2024-09-14 13:21:58 INFO     Breaking between requests for 4.42946282393811 seconds
2024-09-14 13:22:03 INFO     en_education_primary_and_post_primary_education_attendance_and_discipline_in_schools.html does not exist, link: /en/education/primary-and-post-primary-education/attendance-and-discipline-in-schools/
2024-09-14 13:22:03 INFO     Making request to url: https://www.citizensinformation.ie/en/education/primary-and-post-primary-education/attendance-and-discipline-in-schools/
2024-09-14 13:22:03 INFO     Writing en_education_primary_and_post_primary_education_attendance_and_discipline_in_schools.html successful
2024-09-14 13:22:03 INFO     Breaking between requests for 2.4012415029141927 seconds
2024-09-14 13:22:06 INFO     en_education_primary_and_post_primary_education_teachers_and_schools.html does not exist, link: /en/education/primary-and-post-primary-education/teachers-and-schools/
2024-09-14 13:22:06 INFO     Making request to url: https://www.citizensinformation.ie/en/education/primary-and-post-primary-education/teachers-and-schools/
2024-09-14 13:22:06 INFO     Writing en_education_primary_and_post_primary_education_teachers_and_schools.html successful
2024-09-14 13:22:06 INFO     Breaking between requests for 6.123056469569778 seconds
2024-09-14 13:22:13 INFO     en_travel_and_recreation.html already exists, skipping...
2024-09-14 13:22:13 INFO     en_travel_and_recreation_passports.html does not exist, link: /en/travel-and-recreation/passports/
2024-09-14 13:22:13 INFO     Making request to url: https://www.citizensinformation.ie/en/travel-and-recreation/passports/
2024-09-14 13:22:13 INFO     Writing en_travel_and_recreation_passports.html successful
2024-09-14 13:22:13 INFO     Breaking between requests for 3.2239740885997983 seconds
2024-09-14 13:22:16 INFO     en_travel_and_recreation_travel_abroad.html does not exist, link: /en/travel-and-recreation/travel-abroad/
2024-09-14 13:22:16 INFO     Making request to url: https://www.citizensinformation.ie/en/travel-and-recreation/travel-abroad/
2024-09-14 13:22:17 INFO     Writing en_travel_and_recreation_travel_abroad.html successful
2024-09-14 13:22:17 INFO     Breaking between requests for 5.351852804128135 seconds
2024-09-14 13:22:22 INFO     en_travel_and_recreation_air_travel.html does not exist, link: /en/travel-and-recreation/air-travel/
2024-09-14 13:22:22 INFO     Making request to url: https://www.citizensinformation.ie/en/travel-and-recreation/air-travel/
2024-09-14 13:22:23 INFO     Writing en_travel_and_recreation_air_travel.html successful
2024-09-14 13:22:23 INFO     Breaking between requests for 7.507137685036141 seconds
2024-09-14 13:22:30 INFO     en_travel_and_recreation_travel_to_ireland.html does not exist, link: /en/travel-and-recreation/travel-to-ireland/
2024-09-14 13:22:30 INFO     Making request to url: https://www.citizensinformation.ie/en/travel-and-recreation/travel-to-ireland/
2024-09-14 13:22:31 INFO     Writing en_travel_and_recreation_travel_to_ireland.html successful
2024-09-14 13:22:31 INFO     Breaking between requests for 4.0715330070615625 seconds
2024-09-14 13:22:35 INFO     en_travel_and_recreation_motoring.html does not exist, link: /en/travel-and-recreation/motoring/
2024-09-14 13:22:35 INFO     Making request to url: https://www.citizensinformation.ie/en/travel-and-recreation/motoring/
2024-09-14 13:22:36 INFO     Writing en_travel_and_recreation_motoring.html successful
2024-09-14 13:22:36 INFO     Breaking between requests for 2.4746815685597277 seconds
2024-09-14 13:22:38 INFO     en_travel_and_recreation_motoring_buying_or_selling_a_vehicle.html does not exist, link: /en/travel-and-recreation/motoring/buying-or-selling-a-vehicle/
2024-09-14 13:22:38 INFO     Making request to url: https://www.citizensinformation.ie/en/travel-and-recreation/motoring/buying-or-selling-a-vehicle/
2024-09-14 13:22:39 INFO     Writing en_travel_and_recreation_motoring_buying_or_selling_a_vehicle.html successful
2024-09-14 13:22:39 INFO     Breaking between requests for 7.757368985320181 seconds
2024-09-14 13:22:47 INFO     en_travel_and_recreation_motoring_driving_tests.html does not exist, link: /en/travel-and-recreation/motoring/driving-tests/
2024-09-14 13:22:47 INFO     Making request to url: https://www.citizensinformation.ie/en/travel-and-recreation/motoring/driving-tests/
2024-09-14 13:22:48 INFO     Writing en_travel_and_recreation_motoring_driving_tests.html successful
2024-09-14 13:22:48 INFO     Breaking between requests for 5.583493099357187 seconds
2024-09-14 13:22:53 INFO     en_travel_and_recreation_motoring_driver_licensing.html already exists, skipping...
2024-09-14 13:22:53 INFO     en_environment.html already exists, skipping...
2024-09-14 13:22:53 INFO     en_environment_waste_and_recycling.html does not exist, link: /en/environment/waste-and-recycling/
2024-09-14 13:22:53 INFO     Making request to url: https://www.citizensinformation.ie/en/environment/waste-and-recycling/
2024-09-14 13:22:54 INFO     Writing en_environment_waste_and_recycling.html successful
2024-09-14 13:22:54 INFO     Breaking between requests for 7.1677863416366066 seconds
2024-09-14 13:23:01 INFO     en_environment_land.html does not exist, link: /en/environment/land/
2024-09-14 13:23:01 INFO     Making request to url: https://www.citizensinformation.ie/en/environment/land/
2024-09-14 13:23:02 INFO     Writing en_environment_land.html successful
2024-09-14 13:23:02 INFO     Breaking between requests for 6.935425966427051 seconds
2024-09-14 13:23:09 INFO     en_environment_pets_and_wildlife.html does not exist, link: /en/environment/pets-and-wildlife/
2024-09-14 13:23:09 INFO     Making request to url: https://www.citizensinformation.ie/en/environment/pets-and-wildlife/
2024-09-14 13:23:09 INFO     Writing en_environment_pets_and_wildlife.html successful
2024-09-14 13:23:09 INFO     Breaking between requests for 2.6506927736588546 seconds
2024-09-14 13:23:12 INFO     en_environment_environmental_grants_and_schemes_for_your_home.html does not exist, link: /en/environment/environmental-grants-and-schemes-for-your-home/
2024-09-14 13:23:12 INFO     Making request to url: https://www.citizensinformation.ie/en/environment/environmental-grants-and-schemes-for-your-home/
2024-09-14 13:23:12 INFO     Writing en_environment_environmental_grants_and_schemes_for_your_home.html successful
2024-09-14 13:23:12 INFO     Breaking between requests for 7.008526631018138 seconds
2024-09-14 13:23:19 INFO     en_environment_pollution.html does not exist, link: /en/environment/pollution/
2024-09-14 13:23:19 INFO     Making request to url: https://www.citizensinformation.ie/en/environment/pollution/
2024-09-14 13:23:20 INFO     Writing en_environment_pollution.html successful
2024-09-14 13:23:20 INFO     Breaking between requests for 4.238112960580373 seconds
2024-09-14 13:23:24 INFO     en_environment_coasts_and_waterways.html does not exist, link: /en/environment/coasts-and-waterways/
2024-09-14 13:23:24 INFO     Making request to url: https://www.citizensinformation.ie/en/environment/coasts-and-waterways/
2024-09-14 13:23:25 INFO     Writing en_environment_coasts_and_waterways.html successful
2024-09-14 13:23:25 INFO     Breaking between requests for 7.3680707847634554 seconds
2024-09-14 13:23:32 INFO     en_environment_buildings_and_structures.html does not exist, link: /en/environment/buildings-and-structures/
2024-09-14 13:23:32 INFO     Making request to url: https://www.citizensinformation.ie/en/environment/buildings-and-structures/
2024-09-14 13:23:33 INFO     Writing en_environment_buildings_and_structures.html successful
2024-09-14 13:23:33 INFO     Breaking between requests for 6.562842929163297 seconds
2024-09-14 13:23:40 INFO     en_environment_environment_and_the_law.html does not exist, link: /en/environment/environment-and-the-law/
2024-09-14 13:23:40 INFO     Making request to url: https://www.citizensinformation.ie/en/environment/environment-and-the-law/
2024-09-14 13:23:40 INFO     Writing en_environment_environment_and_the_law.html successful
2024-09-14 13:23:40 INFO     Breaking between requests for 3.277991043296764 seconds
2024-09-14 13:23:44 INFO     en_consumer.html already exists, skipping...
2024-09-14 13:23:44 INFO     en_consumer_how_to_complain.html does not exist, link: /en/consumer/how-to-complain/
2024-09-14 13:23:44 INFO     Making request to url: https://www.citizensinformation.ie/en/consumer/how-to-complain/
2024-09-14 13:23:44 INFO     Writing en_consumer_how_to_complain.html successful
2024-09-14 13:23:44 INFO     Breaking between requests for 7.437918944350649 seconds
2024-09-14 13:23:51 INFO     en_consumer_shopping.html does not exist, link: /en/consumer/shopping/
2024-09-14 13:23:51 INFO     Making request to url: https://www.citizensinformation.ie/en/consumer/shopping/
2024-09-14 13:23:52 INFO     Writing en_consumer_shopping.html successful
2024-09-14 13:23:52 INFO     Breaking between requests for 7.558305463629155 seconds
2024-09-14 13:24:00 INFO     en_consumer_buying_services.html does not exist, link: /en/consumer/buying-services/
2024-09-14 13:24:00 INFO     Making request to url: https://www.citizensinformation.ie/en/consumer/buying-services/
2024-09-14 13:24:01 INFO     Writing en_consumer_buying_services.html successful
2024-09-14 13:24:01 INFO     Breaking between requests for 4.142548369340445 seconds
2024-09-14 13:24:05 INFO     en_consumer_buying_digital_content_and_services.html does not exist, link: /en/consumer/buying-digital-content-and-services/
2024-09-14 13:24:05 INFO     Making request to url: https://www.citizensinformation.ie/en/consumer/buying-digital-content-and-services/
2024-09-14 13:24:06 INFO     Writing en_consumer_buying_digital_content_and_services.html successful
2024-09-14 13:24:06 INFO     Breaking between requests for 3.9526015717724263 seconds
2024-09-14 13:24:10 INFO     en_consumer_products_and_services_bought_before_november_2022.html does not exist, link: /en/consumer/products-and-services-bought-before-november-2022/
2024-09-14 13:24:10 INFO     Making request to url: https://www.citizensinformation.ie/en/consumer/products-and-services-bought-before-november-2022/
2024-09-14 13:24:10 INFO     Writing en_consumer_products_and_services_bought_before_november_2022.html successful
2024-09-14 13:24:10 INFO     Breaking between requests for 6.879958945530205 seconds
2024-09-14 13:24:17 INFO     en_consumer_travel.html does not exist, link: /en/consumer/travel/
2024-09-14 13:24:17 INFO     Making request to url: https://www.citizensinformation.ie/en/consumer/travel/
2024-09-14 13:24:18 INFO     Writing en_consumer_travel.html successful
2024-09-14 13:24:18 INFO     Breaking between requests for 7.741201563577781 seconds
2024-09-14 13:24:25 INFO     en_consumer_financial_products.html does not exist, link: /en/consumer/financial-products/
2024-09-14 13:24:25 INFO     Making request to url: https://www.citizensinformation.ie/en/consumer/financial-products/
2024-09-14 13:24:26 INFO     Writing en_consumer_financial_products.html successful
2024-09-14 13:24:26 INFO     Breaking between requests for 5.577759206250573 seconds
2024-09-14 13:24:31 INFO     en_consumer_utilities.html does not exist, link: /en/consumer/utilities/
2024-09-14 13:24:31 INFO     Making request to url: https://www.citizensinformation.ie/en/consumer/utilities/
2024-09-14 13:24:32 INFO     Writing en_consumer_utilities.html successful
2024-09-14 13:24:32 INFO     Breaking between requests for 2.533892372193036 seconds
2024-09-14 13:24:35 INFO     en_government_in_ireland.html already exists, skipping...
2024-09-14 13:24:35 INFO     en_government_in_ireland_irish_constitution_1.html does not exist, link: /en/government-in-ireland/irish-constitution-1/
2024-09-14 13:24:35 INFO     Making request to url: https://www.citizensinformation.ie/en/government-in-ireland/irish-constitution-1/
2024-09-14 13:24:35 INFO     Writing en_government_in_ireland_irish_constitution_1.html successful
2024-09-14 13:24:35 INFO     Breaking between requests for 3.9363364320085172 seconds
2024-09-14 13:24:39 INFO     en_government_in_ireland_how_government_works.html does not exist, link: /en/government-in-ireland/how-government-works/
2024-09-14 13:24:39 INFO     Making request to url: https://www.citizensinformation.ie/en/government-in-ireland/how-government-works/
2024-09-14 13:24:40 INFO     Writing en_government_in_ireland_how_government_works.html successful
2024-09-14 13:24:40 INFO     Breaking between requests for 3.2920863649122407 seconds
2024-09-14 13:24:44 INFO     en_government_in_ireland_how_government_works_national_government.html does not exist, link: /en/government-in-ireland/how-government-works/national-government/
2024-09-14 13:24:44 INFO     Making request to url: https://www.citizensinformation.ie/en/government-in-ireland/how-government-works/national-government/
2024-09-14 13:24:44 INFO     Writing en_government_in_ireland_how_government_works_national_government.html successful
2024-09-14 13:24:44 INFO     Breaking between requests for 4.372753471851931 seconds
2024-09-14 13:24:49 INFO     en_government_in_ireland_how_government_works_local_and_regional_government.html does not exist, link: /en/government-in-ireland/how-government-works/local-and-regional-government/
2024-09-14 13:24:49 INFO     Making request to url: https://www.citizensinformation.ie/en/government-in-ireland/how-government-works/local-and-regional-government/
2024-09-14 13:24:49 INFO     Writing en_government_in_ireland_how_government_works_local_and_regional_government.html successful
2024-09-14 13:24:49 INFO     Breaking between requests for 6.329812526486341 seconds
2024-09-14 13:24:56 INFO     en_government_in_ireland_how_government_works_standards_and_accountability.html does not exist, link: /en/government-in-ireland/how-government-works/standards-and-accountability/
2024-09-14 13:24:56 INFO     Making request to url: https://www.citizensinformation.ie/en/government-in-ireland/how-government-works/standards-and-accountability/
2024-09-14 13:24:56 INFO     Writing en_government_in_ireland_how_government_works_standards_and_accountability.html successful
2024-09-14 13:24:56 INFO     Breaking between requests for 3.0687295286736793 seconds
2024-09-14 13:24:59 INFO     en_government_in_ireland_how_government_works_tribunals_and_investigations.html does not exist, link: /en/government-in-ireland/how-government-works/tribunals-and-investigations/
2024-09-14 13:24:59 INFO     Making request to url: https://www.citizensinformation.ie/en/government-in-ireland/how-government-works/tribunals-and-investigations/
2024-09-14 13:25:00 INFO     Writing en_government_in_ireland_how_government_works_tribunals_and_investigations.html successful
2024-09-14 13:25:00 INFO     Breaking between requests for 5.264421245273963 seconds
2024-09-14 13:25:05 INFO     en_government_in_ireland_how_government_works_egovernment.html does not exist, link: /en/government-in-ireland/how-government-works/egovernment/
2024-09-14 13:25:05 INFO     Making request to url: https://www.citizensinformation.ie/en/government-in-ireland/how-government-works/egovernment/
2024-09-14 13:25:05 INFO     Writing en_government_in_ireland_how_government_works_egovernment.html successful
2024-09-14 13:25:05 INFO     Breaking between requests for 7.598420664846594 seconds
2024-09-14 13:25:13 INFO     en_government_in_ireland_how_government_works_government_records_and_statistics.html does not exist, link: /en/government-in-ireland/how-government-works/government-records-and-statistics/
2024-09-14 13:25:13 INFO     Making request to url: https://www.citizensinformation.ie/en/government-in-ireland/how-government-works/government-records-and-statistics/
2024-09-14 13:25:14 INFO     Writing en_government_in_ireland_how_government_works_government_records_and_statistics.html successful
2024-09-14 13:25:14 INFO     Breaking between requests for 6.9430047444532 seconds
2024-09-14 13:25:21 INFO     en_death.html already exists, skipping...
2024-09-14 13:25:21 INFO     en_death_before_a_death.html does not exist, link: /en/death/before-a-death/
2024-09-14 13:25:21 INFO     Making request to url: https://www.citizensinformation.ie/en/death/before-a-death/
2024-09-14 13:25:22 INFO     Writing en_death_before_a_death.html successful
2024-09-14 13:25:22 INFO     Breaking between requests for 7.363464810814206 seconds
2024-09-14 13:25:29 INFO     en_death_sudden_or_unexplained_death.html does not exist, link: /en/death/sudden-or-unexplained-death/
2024-09-14 13:25:29 INFO     Making request to url: https://www.citizensinformation.ie/en/death/sudden-or-unexplained-death/
2024-09-14 13:25:29 INFO     Writing en_death_sudden_or_unexplained_death.html successful
2024-09-14 13:25:29 INFO     Breaking between requests for 4.581564658165599 seconds
2024-09-14 13:25:34 INFO     en_death_practical_arrangements_after_a_death.html does not exist, link: /en/death/practical-arrangements-after-a-death/
2024-09-14 13:25:34 INFO     Making request to url: https://www.citizensinformation.ie/en/death/practical-arrangements-after-a-death/
2024-09-14 13:25:35 INFO     Writing en_death_practical_arrangements_after_a_death.html successful
2024-09-14 13:25:35 INFO     Breaking between requests for 5.343294571465782 seconds
2024-09-14 13:25:40 INFO     en_death_financial_concerns_following_a_death.html does not exist, link: /en/death/financial-concerns-following-a-death/
2024-09-14 13:25:40 INFO     Making request to url: https://www.citizensinformation.ie/en/death/financial-concerns-following-a-death/
2024-09-14 13:25:41 INFO     Writing en_death_financial_concerns_following_a_death.html successful
2024-09-14 13:25:41 INFO     Breaking between requests for 5.733786049918946 seconds
2024-09-14 13:25:46 INFO     en_death_the_deceaseds_estate.html does not exist, link: /en/death/the-deceaseds-estate/
2024-09-14 13:25:46 INFO     Making request to url: https://www.citizensinformation.ie/en/death/the-deceaseds-estate/
2024-09-14 13:25:47 INFO     Writing en_death_the_deceaseds_estate.html successful
2024-09-14 13:25:47 INFO     Breaking between requests for 6.873662542466852 seconds
2024-09-14 13:25:54 INFO     en_death_bereavement_counselling_and_support.html does not exist, link: /en/death/bereavement-counselling-and-support/
2024-09-14 13:25:54 INFO     Making request to url: https://www.citizensinformation.ie/en/death/bereavement-counselling-and-support/
2024-09-14 13:25:55 INFO     Writing en_death_bereavement_counselling_and_support.html successful
2024-09-14 13:25:55 INFO     Breaking between requests for 7.994506956007391 seconds
2024-09-14 13:26:03 INFO     en_birth_family_relationships.html already exists, skipping...
2024-09-14 13:26:03 INFO     en_birth_family_relationships_before_your_baby_is_born.html does not exist, link: /en/birth-family-relationships/before-your-baby-is-born/
2024-09-14 13:26:03 INFO     Making request to url: https://www.citizensinformation.ie/en/birth-family-relationships/before-your-baby-is-born/
2024-09-14 13:26:03 INFO     Writing en_birth_family_relationships_before_your_baby_is_born.html successful
2024-09-14 13:26:03 INFO     Breaking between requests for 7.7177045918151395 seconds
2024-09-14 13:26:11 INFO     en_birth_family_relationships_after_your_baby_is_born.html does not exist, link: /en/birth-family-relationships/after-your-baby-is-born/
2024-09-14 13:26:11 INFO     Making request to url: https://www.citizensinformation.ie/en/birth-family-relationships/after-your-baby-is-born/
2024-09-14 13:26:12 INFO     Writing en_birth_family_relationships_after_your_baby_is_born.html successful
2024-09-14 13:26:12 INFO     Breaking between requests for 7.11983560959373 seconds
2024-09-14 13:26:19 INFO     en_birth_family_relationships_miscarriage_and_stillbirth.html does not exist, link: /en/birth-family-relationships/miscarriage-and-stillbirth/
2024-09-14 13:26:19 INFO     Making request to url: https://www.citizensinformation.ie/en/birth-family-relationships/miscarriage-and-stillbirth/
2024-09-14 13:26:19 INFO     Writing en_birth_family_relationships_miscarriage_and_stillbirth.html successful
2024-09-14 13:26:19 INFO     Breaking between requests for 3.809245407308371 seconds
2024-09-14 13:26:23 INFO     en_birth_family_relationships_adoption_and_fostering.html does not exist, link: /en/birth-family-relationships/adoption-and-fostering/
2024-09-14 13:26:23 INFO     Making request to url: https://www.citizensinformation.ie/en/birth-family-relationships/adoption-and-fostering/
2024-09-14 13:26:24 INFO     Writing en_birth_family_relationships_adoption_and_fostering.html successful
2024-09-14 13:26:24 INFO     Breaking between requests for 3.4658776975649905 seconds
2024-09-14 13:26:28 INFO     en_birth_family_relationships_children_s_rights_and_policy.html does not exist, link: /en/birth-family-relationships/children-s-rights-and-policy/
2024-09-14 13:26:28 INFO     Making request to url: https://www.citizensinformation.ie/en/birth-family-relationships/children-s-rights-and-policy/
2024-09-14 13:26:29 INFO     Writing en_birth_family_relationships_children_s_rights_and_policy.html successful
2024-09-14 13:26:29 INFO     Breaking between requests for 7.169898008773488 seconds
2024-09-14 13:26:36 INFO     en_birth_family_relationships_services_and_supports_for_children.html does not exist, link: /en/birth-family-relationships/services-and-supports-for-children/
2024-09-14 13:26:36 INFO     Making request to url: https://www.citizensinformation.ie/en/birth-family-relationships/services-and-supports-for-children/
2024-09-14 13:26:36 INFO     Writing en_birth_family_relationships_services_and_supports_for_children.html successful
2024-09-14 13:26:36 INFO     Breaking between requests for 2.7006413989499993 seconds
2024-09-14 13:26:39 INFO     en_birth_family_relationships_getting_married.html does not exist, link: /en/birth-family-relationships/getting-married/
2024-09-14 13:26:39 INFO     Making request to url: https://www.citizensinformation.ie/en/birth-family-relationships/getting-married/
2024-09-14 13:26:39 INFO     Writing en_birth_family_relationships_getting_married.html successful
2024-09-14 13:26:39 INFO     Breaking between requests for 5.57725525872605 seconds
2024-09-14 13:26:45 INFO     en_birth_family_relationships_married_couples.html does not exist, link: /en/birth-family-relationships/married-couples/
2024-09-14 13:26:45 INFO     Making request to url: https://www.citizensinformation.ie/en/birth-family-relationships/married-couples/
2024-09-14 13:26:46 INFO     Writing en_birth_family_relationships_married_couples.html successful
2024-09-14 13:26:46 INFO     Breaking between requests for 7.412108933380127 seconds
2024-09-14 13:26:53 INFO     en_justice.html already exists, skipping...
2024-09-14 13:26:53 INFO     en_justice_law_and_rights.html does not exist, link: /en/justice/law-and-rights/
2024-09-14 13:26:53 INFO     Making request to url: https://www.citizensinformation.ie/en/justice/law-and-rights/
2024-09-14 13:26:54 INFO     Writing en_justice_law_and_rights.html successful
2024-09-14 13:26:54 INFO     Breaking between requests for 6.9789257069252955 seconds
2024-09-14 13:27:01 INFO     en_justice_civil_law.html does not exist, link: /en/justice/civil-law/
2024-09-14 13:27:01 INFO     Making request to url: https://www.citizensinformation.ie/en/justice/civil-law/
2024-09-14 13:27:01 INFO     Writing en_justice_civil_law.html successful
2024-09-14 13:27:01 INFO     Breaking between requests for 4.784261742902598 seconds
2024-09-14 13:27:06 INFO     en_justice_neighbour_disputes.html does not exist, link: /en/justice/neighbour-disputes/
2024-09-14 13:27:06 INFO     Making request to url: https://www.citizensinformation.ie/en/justice/neighbour-disputes/
2024-09-14 13:27:07 INFO     Writing en_justice_neighbour_disputes.html successful
2024-09-14 13:27:07 INFO     Breaking between requests for 7.8631504776807475 seconds
2024-09-14 13:27:15 INFO     en_justice_criminal_law.html does not exist, link: /en/justice/criminal-law/
2024-09-14 13:27:15 INFO     Making request to url: https://www.citizensinformation.ie/en/justice/criminal-law/
2024-09-14 13:27:15 INFO     Writing en_justice_criminal_law.html successful
2024-09-14 13:27:15 INFO     Breaking between requests for 6.790628391098464 seconds
2024-09-14 13:27:22 INFO     en_justice_criminal_law_criminal_trial.html does not exist, link: /en/justice/criminal-law/criminal-trial/
2024-09-14 13:27:22 INFO     Making request to url: https://www.citizensinformation.ie/en/justice/criminal-law/criminal-trial/
2024-09-14 13:27:23 INFO     Writing en_justice_criminal_law_criminal_trial.html successful
2024-09-14 13:27:23 INFO     Breaking between requests for 4.5411134299574165 seconds
2024-09-14 13:27:28 INFO     en_justice_criminal_law_criminal_offences.html does not exist, link: /en/justice/criminal-law/criminal-offences/
2024-09-14 13:27:28 INFO     Making request to url: https://www.citizensinformation.ie/en/justice/criminal-law/criminal-offences/
2024-09-14 13:27:28 INFO     Writing en_justice_criminal_law_criminal_offences.html successful
2024-09-14 13:27:28 INFO     Breaking between requests for 7.787381093949205 seconds
2024-09-14 13:27:36 INFO     en_justice_law_enforcement.html does not exist, link: /en/justice/law-enforcement/
2024-09-14 13:27:36 INFO     Making request to url: https://www.citizensinformation.ie/en/justice/law-enforcement/
2024-09-14 13:27:36 INFO     Writing en_justice_law_enforcement.html successful
2024-09-14 13:27:36 INFO     Breaking between requests for 3.1886958777813885 seconds
2024-09-14 13:27:40 INFO     en_justice_arrests.html does not exist, link: /en/justice/arrests/
2024-09-14 13:27:40 INFO     Making request to url: https://www.citizensinformation.ie/en/justice/arrests/
2024-09-14 13:27:40 INFO     Writing en_justice_arrests.html successful
2024-09-14 13:27:40 INFO     Breaking between requests for 5.9595696359430175 seconds
2024-09-14 13:27:46 INFO     en_whats_new.html already exists, skipping...
2024-09-14 13:27:46 INFO     en_whats_new_its_time_to_cut_your_hedges.html does not exist, link: /en/whats-new/its-time-to-cut-your-hedges/
2024-09-14 13:27:46 INFO     Making request to url: https://www.citizensinformation.ie/en/whats-new/its-time-to-cut-your-hedges/
2024-09-14 13:27:47 INFO     Writing en_whats_new_its_time_to_cut_your_hedges.html successful
2024-09-14 13:27:47 INFO     Breaking between requests for 4.031280949672592 seconds
2024-09-14 13:27:51 INFO     en_whats_new_your_pharmacist_can_now_extend_your_prescription.html does not exist, link: /en/whats-new/your-pharmacist-can-now-extend-your-prescription/
2024-09-14 13:27:51 INFO     Making request to url: https://www.citizensinformation.ie/en/whats-new/your-pharmacist-can-now-extend-your-prescription/
2024-09-14 13:27:52 INFO     Writing en_whats_new_your_pharmacist_can_now_extend_your_prescription.html successful
2024-09-14 13:27:52 INFO     Breaking between requests for 5.718153990218114 seconds
2024-09-14 13:27:58 INFO     en_whats_new_appeal_your_leaving_cert_results_1_2_september_2024.html does not exist, link: /en/whats-new/appeal-your-leaving-cert-results-1-2-september-2024/
2024-09-14 13:27:58 INFO     Making request to url: https://www.citizensinformation.ie/en/whats-new/appeal-your-leaving-cert-results-1-2-september-2024/
2024-09-14 13:27:58 INFO     Writing en_whats_new_appeal_your_leaving_cert_results_1_2_september_2024.html successful
2024-09-14 13:27:58 INFO     Breaking between requests for 7.5852728297337135 seconds
2024-09-14 13:28:06 INFO     en_whats_new.html already exists, skipping...
2024-09-14 13:28:06 INFO     en_health_covid19.html already exists, skipping...
2024-09-14 13:28:06 INFO     en_returning_to_ireland_overview_of_returning_to_ireland.html does not exist, link: /en/returning-to-ireland/overview-of-returning-to-ireland/
2024-09-14 13:28:06 INFO     Making request to url: https://www.citizensinformation.ie/en/returning-to-ireland/overview-of-returning-to-ireland/
2024-09-14 13:28:07 INFO     Writing en_returning_to_ireland_overview_of_returning_to_ireland.html successful
2024-09-14 13:28:07 INFO     Breaking between requests for 6.82243410749429 seconds
2024-09-14 13:28:14 INFO     en_education_third_level_education_colleges_and_qualifications_going_to_college.html already exists, skipping...
2024-09-14 13:28:14 INFO     en_employment_types_of_employment_self_employment.html already exists, skipping...
2024-09-14 13:28:14 INFO     en_travel_and_recreation_motoring_driver_licensing.html already exists, skipping...
2024-09-14 13:28:14 INFO     en_my_situation_mysituation.html already exists, skipping...
2024-09-14 13:28:14 INFO     centres.citizensinformation.ie.html already exists, skipping...
2024-09-14 13:28:14 INFO     en_health.html already exists, skipping...
2024-09-14 13:28:14 INFO     en_social_welfare.html already exists, skipping...
2024-09-14 13:28:14 INFO     en_employment.html already exists, skipping...
2024-09-14 13:28:14 INFO     en_money_and_tax.html already exists, skipping...
2024-09-14 13:28:14 INFO     en_moving_country.html already exists, skipping...
2024-09-14 13:28:14 INFO     en_returning_to_ireland.html already exists, skipping...
2024-09-14 13:28:14 INFO     en_housing.html already exists, skipping...
2024-09-14 13:28:14 INFO     en_education.html already exists, skipping...
2024-09-14 13:28:14 INFO     en_travel_and_recreation.html already exists, skipping...
2024-09-14 13:28:14 INFO     en_environment.html already exists, skipping...
2024-09-14 13:28:14 INFO     en_consumer.html already exists, skipping...
2024-09-14 13:28:14 INFO     en_government_in_ireland.html already exists, skipping...
2024-09-14 13:28:14 INFO     en_death.html already exists, skipping...
2024-09-14 13:28:14 INFO     en_birth_family_relationships.html already exists, skipping...
2024-09-14 13:28:14 INFO     en_justice.html already exists, skipping...
2024-09-14 13:28:14 INFO     about.html does not exist, link: /about
2024-09-14 13:28:14 INFO     Making request to url: https://www.citizensinformation.ie/about
2024-09-14 13:28:14 INFO     Writing about.html successful
2024-09-14 13:28:14 INFO     Breaking between requests for 7.559766430813502 seconds
2024-09-14 13:28:22 INFO     en_about_volunteer_with_citizens_information.html already exists, skipping...
2024-09-14 13:28:22 INFO     en_about_citizens_information_about.html does not exist, link: /en/about/citizens-information-about/
2024-09-14 13:28:22 INFO     Making request to url: https://www.citizensinformation.ie/en/about/citizens-information-about/
2024-09-14 13:28:23 INFO     Writing en_about_citizens_information_about.html successful
2024-09-14 13:28:23 INFO     Breaking between requests for 3.5896636524745267 seconds
2024-09-14 13:28:26 INFO     en_about_accessibility.html does not exist, link: /en/about/accessibility/
2024-09-14 13:28:26 INFO     Making request to url: https://www.citizensinformation.ie/en/about/accessibility/
2024-09-14 13:28:27 INFO     Writing en_about_accessibility.html successful
2024-09-14 13:28:27 INFO     Breaking between requests for 5.898920207555585 seconds
2024-09-14 13:28:33 INFO     en_about_guide_to_accessibility_tools.html does not exist, link: /en/about/guide-to-accessibility-tools/
2024-09-14 13:28:33 INFO     Making request to url: https://www.citizensinformation.ie/en/about/guide-to-accessibility-tools/
2024-09-14 13:28:33 INFO     Writing en_about_guide_to_accessibility_tools.html successful
2024-09-14 13:28:33 INFO     Breaking between requests for 3.5411873224225436 seconds
2024-09-14 13:28:36 INFO     en_about_contact_us.html does not exist, link: /en/about/contact-us/
2024-09-14 13:28:36 INFO     Making request to url: https://www.citizensinformation.ie/en/about/contact-us/
2024-09-14 13:28:36 INFO     Writing en_about_contact_us.html successful
2024-09-14 13:28:36 INFO     Breaking between requests for 6.096343629426211 seconds
2024-09-14 13:28:42 INFO     en_about_cis_complaints_policy.html does not exist, link: /en/about/cis-complaints-policy/
2024-09-14 13:28:42 INFO     Making request to url: https://www.citizensinformation.ie/en/about/cis-complaints-policy/
2024-09-14 13:28:44 INFO     Writing en_about_cis_complaints_policy.html successful
2024-09-14 13:28:44 INFO     Breaking between requests for 2.8236661617496166 seconds
2024-09-14 13:28:46 INFO     en_about_cookies.html does not exist, link: /en/about/cookies/
2024-09-14 13:28:46 INFO     Making request to url: https://www.citizensinformation.ie/en/about/cookies/
2024-09-14 13:28:47 INFO     Writing en_about_cookies.html successful
2024-09-14 13:28:47 INFO     Breaking between requests for 5.5729558315676435 seconds
2024-09-14 13:28:52 INFO     en_about_disclaimer.html does not exist, link: /en/about/disclaimer/
2024-09-14 13:28:52 INFO     Making request to url: https://www.citizensinformation.ie/en/about/disclaimer/
2024-09-14 13:28:53 INFO     Writing en_about_disclaimer.html successful
2024-09-14 13:28:53 INFO     Breaking between requests for 6.709477480172293 seconds
2024-09-14 13:29:00 INFO     en_about_feedback.html does not exist, link: /en/about/feedback/
2024-09-14 13:29:00 INFO     Making request to url: https://www.citizensinformation.ie/en/about/feedback/
2024-09-14 13:29:01 INFO     Writing en_about_feedback.html successful
2024-09-14 13:29:01 INFO     Breaking between requests for 2.8167590287166595 seconds
2024-09-14 13:29:03 INFO     en_about_privacy.html does not exist, link: /en/about/privacy/
2024-09-14 13:29:03 INFO     Making request to url: https://www.citizensinformation.ie/en/about/privacy/
2024-09-14 13:29:04 INFO     Writing en_about_privacy.html successful
2024-09-14 13:29:04 INFO     Breaking between requests for 5.058917435846811 seconds
2024-09-14 13:29:09 INFO     en_about_reuse_psi.html does not exist, link: /en/about/reuse-psi/
2024-09-14 13:29:09 INFO     Making request to url: https://www.citizensinformation.ie/en/about/reuse-psi/
2024-09-14 13:29:09 INFO     Writing en_about_reuse_psi.html successful
2024-09-14 13:29:09 INFO     Breaking between requests for 4.005698629902826 seconds
2024-09-14 13:29:13 INFO     centres.citizensinformation.ie.html already exists, skipping...
